<?xml version="1.0" encoding="UTF-8"?>
<testng-results skipped="0" failed="0" total="1" passed="1">
  <reporter-output>
  </reporter-output>
  <suite name="Default suite" duration-ms="220421" started-at="2018-12-02T07:07:45Z" finished-at="2018-12-02T07:11:26Z">
    <groups>
    </groups>
    <test name="Default test" duration-ms="220421" started-at="2018-12-02T07:07:45Z" finished-at="2018-12-02T07:11:26Z">
      <class name="testCases_Ecommerce.TestCase02">
        <test-method status="PASS" signature="reporting()[pri:0, instance:testCases_Ecommerce.TestCase02@77caeb3e]" name="reporting" is-config="true" duration-ms="180" started-at="2018-12-02T12:37:45Z" finished-at="2018-12-02T12:37:45Z">
          <reporter-output>
          </reporter-output>
        </test-method> <!-- reporting -->
        <test-method status="PASS" signature="startBrowserandURL()[pri:0, instance:testCases_Ecommerce.TestCase02@77caeb3e]" name="startBrowserandURL" is-config="true" duration-ms="7024" started-at="2018-12-02T12:37:45Z" finished-at="2018-12-02T12:37:52Z">
          <reporter-output>
          </reporter-output>
        </test-method> <!-- startBrowserandURL -->
        <test-method status="PASS" signature="setUpReporting()[pri:0, instance:testCases_Ecommerce.TestCase02@77caeb3e]" name="setUpReporting" is-config="true" duration-ms="7" started-at="2018-12-02T12:37:52Z" finished-at="2018-12-02T12:37:52Z">
          <reporter-output>
          </reporter-output>
        </test-method> <!-- setUpReporting -->
        <test-method status="PASS" signature="VerifyFlipkartApp()[pri:0, instance:testCases_Ecommerce.TestCase02@77caeb3e]" name="VerifyFlipkartApp" duration-ms="212339" started-at="2018-12-02T12:37:52Z" finished-at="2018-12-02T12:41:24Z">
          <reporter-output>
          </reporter-output>
        </test-method> <!-- VerifyFlipkartApp -->
        <test-method status="PASS" signature="closeReporting()[pri:0, instance:testCases_Ecommerce.TestCase02@77caeb3e]" name="closeReporting" is-config="true" duration-ms="2" started-at="2018-12-02T12:41:24Z" finished-at="2018-12-02T12:41:24Z">
          <reporter-output>
          </reporter-output>
        </test-method> <!-- closeReporting -->
        <test-method status="PASS" signature="closeBrowser()[pri:0, instance:testCases_Ecommerce.TestCase02@77caeb3e]" name="closeBrowser" is-config="true" duration-ms="1040" started-at="2018-12-02T12:41:24Z" finished-at="2018-12-02T12:41:26Z">
          <reporter-output>
          </reporter-output>
        </test-method> <!-- closeBrowser -->
        <test-method status="PASS" signature="flushReport()[pri:0, instance:testCases_Ecommerce.TestCase02@77caeb3e]" name="flushReport" is-config="true" duration-ms="196" started-at="2018-12-02T12:41:26Z" finished-at="2018-12-02T12:41:26Z">
          <reporter-output>
          </reporter-output>
        </test-method> <!-- flushReport -->
      </class> <!-- testCases_Ecommerce.TestCase02 -->
    </test> <!-- Default test -->
  </suite> <!-- Default suite -->
</testng-results>
